0 silly argv { _: [ 'version' ],
0 silly argv   'conventional-commits': true,
0 silly argv   conventionalCommits: true,
0 silly argv   yes: true,
0 silly argv   y: true,
0 silly argv   lernaVersion: '3.14.1',
0 silly argv   '$0':
0 silly argv    '/Users/dungvo/Documents/Projects/TestProjects/yarn-workspaces-example/node_modules/.bin/lerna' }
1 notice cli v3.14.1
2 verbose rootPath /Users/dungvo/Documents/Projects/TestProjects/yarn-workspaces-example
3 info current version 1.0.1
4 silly isAnythingCommitted
5 verbose isAnythingCommitted 1
6 silly currentBranch
7 verbose currentBranch master
8 silly remoteBranchExists
9 silly isBehindUpstream
10 silly isBehindUpstream master is behind origin/master by 0 commit(s) and ahead by 0
11 silly hasTags
12 verbose hasTags true
13 silly git-describe.sync "5b37d82" => {"refCount":"3","sha":"5b37d82","isDirty":false}
14 info Assuming all packages changed
15 verbose updated @walnut/common
16 verbose updated @walnut/server
17 verbose git-describe undefined => "5b37d82"
18 silly git-describe parsed => {"refCount":"3","sha":"5b37d82","isDirty":false}
19 silly fixed for @walnut/common at /Users/dungvo/Documents/Projects/TestProjects/yarn-workspaces-example/packages/common
20 verbose getChangelogConfig using preset "conventional-changelog-angular"
21 silly npa { type: 'tag',
21 silly npa   registry: true,
21 silly npa   where: undefined,
21 silly npa   raw: 'conventional-changelog-angular',
21 silly npa   name: 'conventional-changelog-angular',
21 silly npa   escapedName: 'conventional-changelog-angular',
21 silly npa   scope: undefined,
21 silly npa   rawSpec: '',
21 silly npa   saveSpec: null,
21 silly npa   fetchSpec: 'latest',
21 silly npa   gitRange: undefined,
21 silly npa   gitCommittish: undefined,
21 silly npa   hosted: undefined }
22 verbose getChangelogConfig Attempting to resolve preset "conventional-changelog-angular"
23 info getChangelogConfig Successfully resolved preset "conventional-changelog-angular"
24 verbose fixed increment 1.0.1 by patch
25 silly fixed for @walnut/server at /Users/dungvo/Documents/Projects/TestProjects/yarn-workspaces-example/packages/server
26 verbose fixed increment 1.0.1 by patch
27 info auto-confirmed
28 info execute Skipping GitHub releases
29 silly lifecycle No script for "preversion" in "yarn-workspaces-example", continuing
30 silly lifecycle No script for "preversion" in "@walnut/common", continuing
31 silly lifecycle No script for "version" in "@walnut/common", continuing
32 silly fixed for @walnut/common at /Users/dungvo/Documents/Projects/TestProjects/yarn-workspaces-example/packages/common
33 silly fixed writing new entry: "## 1.0.2 (2019-05-20)\n\n**Note:** Version bump only for package @walnut/common\n\n\n\n"
34 verbose fixed wrote /Users/dungvo/Documents/Projects/TestProjects/yarn-workspaces-example/packages/common/CHANGELOG.md
35 silly lifecycle No script for "preversion" in "@walnut/server", continuing
36 silly lifecycle No script for "version" in "@walnut/server", continuing
37 silly fixed for @walnut/server at /Users/dungvo/Documents/Projects/TestProjects/yarn-workspaces-example/packages/server
38 silly fixed writing new entry: "## 1.0.2 (2019-05-20)\n\n**Note:** Version bump only for package @walnut/server\n\n\n\n"
39 verbose fixed wrote /Users/dungvo/Documents/Projects/TestProjects/yarn-workspaces-example/packages/server/CHANGELOG.md
40 silly root for yarn-workspaces-example at /Users/dungvo/Documents/Projects/TestProjects/yarn-workspaces-example
41 silly root writing new entry: "## 1.0.2 (2019-05-20)\n\n**Note:** Version bump only for package yarn-workspaces-example\n\n\n\n"
42 verbose root wrote /Users/dungvo/Documents/Projects/TestProjects/yarn-workspaces-example/CHANGELOG.md
43 silly lifecycle No script for "version" in "yarn-workspaces-example", continuing
44 silly gitAdd [ '/Users/dungvo/Documents/Projects/TestProjects/yarn-workspaces-example/packages/common/package.json',
44 silly gitAdd   '/Users/dungvo/Documents/Projects/TestProjects/yarn-workspaces-example/packages/common/CHANGELOG.md',
44 silly gitAdd   '/Users/dungvo/Documents/Projects/TestProjects/yarn-workspaces-example/packages/server/package.json',
44 silly gitAdd   '/Users/dungvo/Documents/Projects/TestProjects/yarn-workspaces-example/packages/server/CHANGELOG.md',
44 silly gitAdd   '/Users/dungvo/Documents/Projects/TestProjects/yarn-workspaces-example/CHANGELOG.md',
44 silly gitAdd   '/Users/dungvo/Documents/Projects/TestProjects/yarn-workspaces-example/lerna.json' ]
45 silly gitCommit v1.0.2
46 verbose git [ 'commit', '-m', 'v1.0.2' ]
47 silly gitTag v1.0.2
48 verbose git [ 'tag', 'v1.0.2', '-m', 'v1.0.2' ]
49 error Error: Command failed: git tag v1.0.2 -m v1.0.2
49 error fatal: tag 'v1.0.2' already exists
49 error
49 error     at makeError (/Users/dungvo/Documents/Projects/TestProjects/yarn-workspaces-example/node_modules/execa/index.js:174:9)
49 error     at Promise.all.then.arr (/Users/dungvo/Documents/Projects/TestProjects/yarn-workspaces-example/node_modules/execa/index.js:278:16)
